<?xml version="1.0" encoding="UTF-8"?>
<testng-results ignored="0" total="1" passed="1" failed="0" skipped="0">
  <reporter-output>
  </reporter-output>
  <suite started-at="2021-03-19T18:33:27 EDT" name="Smoke Suite" finished-at="2021-03-19T18:33:31 EDT" duration-ms="3675">
    <groups>
    </groups>
    <test started-at="2021-03-19T18:33:27 EDT" name="LifeLineService Test" finished-at="2021-03-19T18:33:31 EDT" duration-ms="3675">
      <class name="com.assurencewireless.coverageMap.LifeLineServiceTest">
        <test-method is-config="true" signature="setUp()[pri:0, instance:com.assurencewireless.coverageMap.LifeLineServiceTest@5f77d0f9]" started-at="2021-03-19T18:33:27 EDT" name="setUp" finished-at="2021-03-19T18:33:30 EDT" duration-ms="2729" status="PASS">
          <reporter-output>
          </reporter-output>
        </test-method> <!-- setUp -->
        <test-method signature="lifeLineService_WhatisLiceLine()[pri:0, instance:com.assurencewireless.coverageMap.LifeLineServiceTest@5f77d0f9]" started-at="2021-03-19T18:33:30 EDT" name="lifeLineService_WhatisLiceLine" finished-at="2021-03-19T18:33:30 EDT" duration-ms="33" status="PASS">
          <reporter-output>
          </reporter-output>
        </test-method> <!-- lifeLineService_WhatisLiceLine -->
        <test-method is-config="true" signature="tesrDown()[pri:0, instance:com.assurencewireless.coverageMap.LifeLineServiceTest@5f77d0f9]" started-at="2021-03-19T18:33:30 EDT" name="tesrDown" finished-at="2021-03-19T18:33:31 EDT" duration-ms="819" status="PASS">
          <reporter-output>
          </reporter-output>
        </test-method> <!-- tesrDown -->
      </class> <!-- com.assurencewireless.coverageMap.LifeLineServiceTest -->
    </test> <!-- LifeLineService Test -->
  </suite> <!-- Smoke Suite -->
</testng-results>
